2026-07-22 23:18:03.115 Uvicorn server started on 0.0.0.0:8501

  You can now view your Streamlit app in your browser.

  Local URL: http://localhost:8501
  Network URL: http://192.168.68.111:8501
  External URL: http://23.239.61.64:8501

2026-07-22 23:18:57.467 `label` got an empty value. This is discouraged for accessibility reasons and may be disallowed in the future by raising an exception. Please provide a non-empty label and hide it with label_visibility if needed.
Stack (most recent call last):
  File "C:\Users\Steve Vogelaar\AppData\Local\Programs\Python\Python312\Lib\threading.py", line 1030, in _bootstrap
    self._bootstrap_inner()
  File "C:\Users\Steve Vogelaar\AppData\Local\Programs\Python\Python312\Lib\threading.py", line 1073, in _bootstrap_inner
    self.run()
  File "C:\Users\Steve Vogelaar\AppData\Local\Programs\Python\Python312\Lib\threading.py", line 1010, in run
    self._target(*self._args, **self._kwargs)
  File "C:\Users\Steve Vogelaar\Documents\_IT Oversight\Hackathon\miseBot\venv\Lib\site-packages\streamlit\runtime\scriptrunner\script_runner.py", line 418, in _run_script_thread
    self._run_script(request.rerun_data)
  File "C:\Users\Steve Vogelaar\Documents\_IT Oversight\Hackathon\miseBot\venv\Lib\site-packages\streamlit\runtime\scriptrunner\script_runner.py", line 832, in _run_script
    ) = exec_func_with_error_handling(code_to_exec, ctx)
  File "C:\Users\Steve Vogelaar\Documents\_IT Oversight\Hackathon\miseBot\venv\Lib\site-packages\streamlit\runtime\scriptrunner\exec_code.py", line 129, in exec_func_with_error_handling
    result = func()
  File "C:\Users\Steve Vogelaar\Documents\_IT Oversight\Hackathon\miseBot\venv\Lib\site-packages\streamlit\runtime\scriptrunner\script_runner.py", line 807, in code_to_exec
    exec(code, module.__dict__)  # noqa: S102
  File "C:\Users\Steve Vogelaar\Documents\_IT Oversight\Hackathon\miseBot\app.py", line 112, in <module>
    chat_input = st.text_input("", placeholder="Type a command...", key="chat_input", label_visibility="collapsed")
  File "C:\Users\Steve Vogelaar\Documents\_IT Oversight\Hackathon\miseBot\venv\Lib\site-packages\streamlit\runtime\metrics_util.py", line 568, in wrapped_func
    result = non_optional_func(*args, **kwargs)
  File "C:\Users\Steve Vogelaar\Documents\_IT Oversight\Hackathon\miseBot\venv\Lib\site-packages\streamlit\elements\widgets\text_widgets.py", line 341, in text_input
    return self._text_input(
  File "C:\Users\Steve Vogelaar\Documents\_IT Oversight\Hackathon\miseBot\venv\Lib\site-packages\streamlit\elements\widgets\text_widgets.py", line 392, in _text_input
    maybe_raise_label_warnings(label, label_visibility)
  File "C:\Users\Steve Vogelaar\Documents\_IT Oversight\Hackathon\miseBot\venv\Lib\site-packages\streamlit\elements\lib\policies.py", line 150, in maybe_raise_label_warnings
    _LOGGER.warning(
2026-07-22 23:19:43.430 `label` got an empty value. This is discouraged for accessibility reasons and may be disallowed in the future by raising an exception. Please provide a non-empty label and hide it with label_visibility if needed.
Stack (most recent call last):
  File "C:\Users\Steve Vogelaar\AppData\Local\Programs\Python\Python312\Lib\threading.py", line 1030, in _bootstrap
    self._bootstrap_inner()
  File "C:\Users\Steve Vogelaar\AppData\Local\Programs\Python\Python312\Lib\threading.py", line 1073, in _bootstrap_inner
    self.run()
  File "C:\Users\Steve Vogelaar\AppData\Local\Programs\Python\Python312\Lib\threading.py", line 1010, in run
    self._target(*self._args, **self._kwargs)
  File "C:\Users\Steve Vogelaar\Documents\_IT Oversight\Hackathon\miseBot\venv\Lib\site-packages\streamlit\runtime\scriptrunner\script_runner.py", line 418, in _run_script_thread
    self._run_script(request.rerun_data)
  File "C:\Users\Steve Vogelaar\Documents\_IT Oversight\Hackathon\miseBot\venv\Lib\site-packages\streamlit\runtime\scriptrunner\script_runner.py", line 832, in _run_script
    ) = exec_func_with_error_handling(code_to_exec, ctx)
  File "C:\Users\Steve Vogelaar\Documents\_IT Oversight\Hackathon\miseBot\venv\Lib\site-packages\streamlit\runtime\scriptrunner\exec_code.py", line 129, in exec_func_with_error_handling
    result = func()
  File "C:\Users\Steve Vogelaar\Documents\_IT Oversight\Hackathon\miseBot\venv\Lib\site-packages\streamlit\runtime\scriptrunner\script_runner.py", line 807, in code_to_exec
    exec(code, module.__dict__)  # noqa: S102
  File "C:\Users\Steve Vogelaar\Documents\_IT Oversight\Hackathon\miseBot\app.py", line 112, in <module>
    chat_input = st.text_input("", placeholder="Type a command...", key="chat_input", label_visibility="collapsed")
  File "C:\Users\Steve Vogelaar\Documents\_IT Oversight\Hackathon\miseBot\venv\Lib\site-packages\streamlit\runtime\metrics_util.py", line 568, in wrapped_func
    result = non_optional_func(*args, **kwargs)
  File "C:\Users\Steve Vogelaar\Documents\_IT Oversight\Hackathon\miseBot\venv\Lib\site-packages\streamlit\elements\widgets\text_widgets.py", line 341, in text_input
    return self._text_input(
  File "C:\Users\Steve Vogelaar\Documents\_IT Oversight\Hackathon\miseBot\venv\Lib\site-packages\streamlit\elements\widgets\text_widgets.py", line 392, in _text_input
    maybe_raise_label_warnings(label, label_visibility)
  File "C:\Users\Steve Vogelaar\Documents\_IT Oversight\Hackathon\miseBot\venv\Lib\site-packages\streamlit\elements\lib\policies.py", line 150, in maybe_raise_label_warnings
    _LOGGER.warning(
2026-07-22 23:19:43.468 `label` got an empty value. This is discouraged for accessibility reasons and may be disallowed in the future by raising an exception. Please provide a non-empty label and hide it with label_visibility if needed.
Stack (most recent call last):
  File "C:\Users\Steve Vogelaar\AppData\Local\Programs\Python\Python312\Lib\threading.py", line 1030, in _bootstrap
    self._bootstrap_inner()
  File "C:\Users\Steve Vogelaar\AppData\Local\Programs\Python\Python312\Lib\threading.py", line 1073, in _bootstrap_inner
    self.run()
  File "C:\Users\Steve Vogelaar\AppData\Local\Programs\Python\Python312\Lib\threading.py", line 1010, in run
    self._target(*self._args, **self._kwargs)
  File "C:\Users\Steve Vogelaar\Documents\_IT Oversight\Hackathon\miseBot\venv\Lib\site-packages\streamlit\runtime\scriptrunner\script_runner.py", line 418, in _run_script_thread
    self._run_script(request.rerun_data)
  File "C:\Users\Steve Vogelaar\Documents\_IT Oversight\Hackathon\miseBot\venv\Lib\site-packages\streamlit\runtime\scriptrunner\script_runner.py", line 832, in _run_script
    ) = exec_func_with_error_handling(code_to_exec, ctx)
  File "C:\Users\Steve Vogelaar\Documents\_IT Oversight\Hackathon\miseBot\venv\Lib\site-packages\streamlit\runtime\scriptrunner\exec_code.py", line 129, in exec_func_with_error_handling
    result = func()
  File "C:\Users\Steve Vogelaar\Documents\_IT Oversight\Hackathon\miseBot\venv\Lib\site-packages\streamlit\runtime\scriptrunner\script_runner.py", line 807, in code_to_exec
    exec(code, module.__dict__)  # noqa: S102
  File "C:\Users\Steve Vogelaar\Documents\_IT Oversight\Hackathon\miseBot\app.py", line 112, in <module>
    chat_input = st.text_input("", placeholder="Type a command...", key="chat_input", label_visibility="collapsed")
  File "C:\Users\Steve Vogelaar\Documents\_IT Oversight\Hackathon\miseBot\venv\Lib\site-packages\streamlit\runtime\metrics_util.py", line 568, in wrapped_func
    result = non_optional_func(*args, **kwargs)
  File "C:\Users\Steve Vogelaar\Documents\_IT Oversight\Hackathon\miseBot\venv\Lib\site-packages\streamlit\elements\widgets\text_widgets.py", line 341, in text_input
    return self._text_input(
  File "C:\Users\Steve Vogelaar\Documents\_IT Oversight\Hackathon\miseBot\venv\Lib\site-packages\streamlit\elements\widgets\text_widgets.py", line 392, in _text_input
    maybe_raise_label_warnings(label, label_visibility)
  File "C:\Users\Steve Vogelaar\Documents\_IT Oversight\Hackathon\miseBot\venv\Lib\site-packages\streamlit\elements\lib\policies.py", line 150, in maybe_raise_label_warnings
    _LOGGER.warning(
2026-07-22 23:19:45.942 `label` got an empty value. This is discouraged for accessibility reasons and may be disallowed in the future by raising an exception. Please provide a non-empty label and hide it with label_visibility if needed.
Stack (most recent call last):
  File "C:\Users\Steve Vogelaar\AppData\Local\Programs\Python\Python312\Lib\threading.py", line 1030, in _bootstrap
    self._bootstrap_inner()
  File "C:\Users\Steve Vogelaar\AppData\Local\Programs\Python\Python312\Lib\threading.py", line 1073, in _bootstrap_inner
    self.run()
  File "C:\Users\Steve Vogelaar\AppData\Local\Programs\Python\Python312\Lib\threading.py", line 1010, in run
    self._target(*self._args, **self._kwargs)
  File "C:\Users\Steve Vogelaar\Documents\_IT Oversight\Hackathon\miseBot\venv\Lib\site-packages\streamlit\runtime\scriptrunner\script_runner.py", line 418, in _run_script_thread
    self._run_script(request.rerun_data)
  File "C:\Users\Steve Vogelaar\Documents\_IT Oversight\Hackathon\miseBot\venv\Lib\site-packages\streamlit\runtime\scriptrunner\script_runner.py", line 832, in _run_script
    ) = exec_func_with_error_handling(code_to_exec, ctx)
  File "C:\Users\Steve Vogelaar\Documents\_IT Oversight\Hackathon\miseBot\venv\Lib\site-packages\streamlit\runtime\scriptrunner\exec_code.py", line 129, in exec_func_with_error_handling
    result = func()
  File "C:\Users\Steve Vogelaar\Documents\_IT Oversight\Hackathon\miseBot\venv\Lib\site-packages\streamlit\runtime\scriptrunner\script_runner.py", line 807, in code_to_exec
    exec(code, module.__dict__)  # noqa: S102
  File "C:\Users\Steve Vogelaar\Documents\_IT Oversight\Hackathon\miseBot\app.py", line 112, in <module>
    chat_input = st.text_input("", placeholder="Type a command...", key="chat_input", label_visibility="collapsed")
  File "C:\Users\Steve Vogelaar\Documents\_IT Oversight\Hackathon\miseBot\venv\Lib\site-packages\streamlit\runtime\metrics_util.py", line 568, in wrapped_func
    result = non_optional_func(*args, **kwargs)
  File "C:\Users\Steve Vogelaar\Documents\_IT Oversight\Hackathon\miseBot\venv\Lib\site-packages\streamlit\elements\widgets\text_widgets.py", line 341, in text_input
    return self._text_input(
  File "C:\Users\Steve Vogelaar\Documents\_IT Oversight\Hackathon\miseBot\venv\Lib\site-packages\streamlit\elements\widgets\text_widgets.py", line 392, in _text_input
    maybe_raise_label_warnings(label, label_visibility)
  File "C:\Users\Steve Vogelaar\Documents\_IT Oversight\Hackathon\miseBot\venv\Lib\site-packages\streamlit\elements\lib\policies.py", line 150, in maybe_raise_label_warnings
    _LOGGER.warning(
2026-07-22 23:19:45.978 `label` got an empty value. This is discouraged for accessibility reasons and may be disallowed in the future by raising an exception. Please provide a non-empty label and hide it with label_visibility if needed.
Stack (most recent call last):
  File "C:\Users\Steve Vogelaar\AppData\Local\Programs\Python\Python312\Lib\threading.py", line 1030, in _bootstrap
    self._bootstrap_inner()
  File "C:\Users\Steve Vogelaar\AppData\Local\Programs\Python\Python312\Lib\threading.py", line 1073, in _bootstrap_inner
    self.run()
  File "C:\Users\Steve Vogelaar\AppData\Local\Programs\Python\Python312\Lib\threading.py", line 1010, in run
    self._target(*self._args, **self._kwargs)
  File "C:\Users\Steve Vogelaar\Documents\_IT Oversight\Hackathon\miseBot\venv\Lib\site-packages\streamlit\runtime\scriptrunner\script_runner.py", line 418, in _run_script_thread
    self._run_script(request.rerun_data)
  File "C:\Users\Steve Vogelaar\Documents\_IT Oversight\Hackathon\miseBot\venv\Lib\site-packages\streamlit\runtime\scriptrunner\script_runner.py", line 832, in _run_script
    ) = exec_func_with_error_handling(code_to_exec, ctx)
  File "C:\Users\Steve Vogelaar\Documents\_IT Oversight\Hackathon\miseBot\venv\Lib\site-packages\streamlit\runtime\scriptrunner\exec_code.py", line 129, in exec_func_with_error_handling
    result = func()
  File "C:\Users\Steve Vogelaar\Documents\_IT Oversight\Hackathon\miseBot\venv\Lib\site-packages\streamlit\runtime\scriptrunner\script_runner.py", line 807, in code_to_exec
    exec(code, module.__dict__)  # noqa: S102
  File "C:\Users\Steve Vogelaar\Documents\_IT Oversight\Hackathon\miseBot\app.py", line 112, in <module>
    chat_input = st.text_input("", placeholder="Type a command...", key="chat_input", label_visibility="collapsed")
  File "C:\Users\Steve Vogelaar\Documents\_IT Oversight\Hackathon\miseBot\venv\Lib\site-packages\streamlit\runtime\metrics_util.py", line 568, in wrapped_func
    result = non_optional_func(*args, **kwargs)
  File "C:\Users\Steve Vogelaar\Documents\_IT Oversight\Hackathon\miseBot\venv\Lib\site-packages\streamlit\elements\widgets\text_widgets.py", line 341, in text_input
    return self._text_input(
  File "C:\Users\Steve Vogelaar\Documents\_IT Oversight\Hackathon\miseBot\venv\Lib\site-packages\streamlit\elements\widgets\text_widgets.py", line 392, in _text_input
    maybe_raise_label_warnings(label, label_visibility)
  File "C:\Users\Steve Vogelaar\Documents\_IT Oversight\Hackathon\miseBot\venv\Lib\site-packages\streamlit\elements\lib\policies.py", line 150, in maybe_raise_label_warnings
    _LOGGER.warning(
2026-07-22 23:19:55.029 `label` got an empty value. This is discouraged for accessibility reasons and may be disallowed in the future by raising an exception. Please provide a non-empty label and hide it with label_visibility if needed.
Stack (most recent call last):
  File "C:\Users\Steve Vogelaar\AppData\Local\Programs\Python\Python312\Lib\threading.py", line 1030, in _bootstrap
    self._bootstrap_inner()
  File "C:\Users\Steve Vogelaar\AppData\Local\Programs\Python\Python312\Lib\threading.py", line 1073, in _bootstrap_inner
    self.run()
  File "C:\Users\Steve Vogelaar\AppData\Local\Programs\Python\Python312\Lib\threading.py", line 1010, in run
    self._target(*self._args, **self._kwargs)
  File "C:\Users\Steve Vogelaar\Documents\_IT Oversight\Hackathon\miseBot\venv\Lib\site-packages\streamlit\runtime\scriptrunner\script_runner.py", line 418, in _run_script_thread
    self._run_script(request.rerun_data)
  File "C:\Users\Steve Vogelaar\Documents\_IT Oversight\Hackathon\miseBot\venv\Lib\site-packages\streamlit\runtime\scriptrunner\script_runner.py", line 832, in _run_script
    ) = exec_func_with_error_handling(code_to_exec, ctx)
  File "C:\Users\Steve Vogelaar\Documents\_IT Oversight\Hackathon\miseBot\venv\Lib\site-packages\streamlit\runtime\scriptrunner\exec_code.py", line 129, in exec_func_with_error_handling
    result = func()
  File "C:\Users\Steve Vogelaar\Documents\_IT Oversight\Hackathon\miseBot\venv\Lib\site-packages\streamlit\runtime\scriptrunner\script_runner.py", line 807, in code_to_exec
    exec(code, module.__dict__)  # noqa: S102
  File "C:\Users\Steve Vogelaar\Documents\_IT Oversight\Hackathon\miseBot\app.py", line 112, in <module>
    chat_input = st.text_input("", placeholder="Type a command...", key="chat_input", label_visibility="collapsed")
  File "C:\Users\Steve Vogelaar\Documents\_IT Oversight\Hackathon\miseBot\venv\Lib\site-packages\streamlit\runtime\metrics_util.py", line 568, in wrapped_func
    result = non_optional_func(*args, **kwargs)
  File "C:\Users\Steve Vogelaar\Documents\_IT Oversight\Hackathon\miseBot\venv\Lib\site-packages\streamlit\elements\widgets\text_widgets.py", line 341, in text_input
    return self._text_input(
  File "C:\Users\Steve Vogelaar\Documents\_IT Oversight\Hackathon\miseBot\venv\Lib\site-packages\streamlit\elements\widgets\text_widgets.py", line 392, in _text_input
    maybe_raise_label_warnings(label, label_visibility)
  File "C:\Users\Steve Vogelaar\Documents\_IT Oversight\Hackathon\miseBot\venv\Lib\site-packages\streamlit\elements\lib\policies.py", line 150, in maybe_raise_label_warnings
    _LOGGER.warning(
2026-07-22 23:19:55.061 `label` got an empty value. This is discouraged for accessibility reasons and may be disallowed in the future by raising an exception. Please provide a non-empty label and hide it with label_visibility if needed.
Stack (most recent call last):
  File "C:\Users\Steve Vogelaar\AppData\Local\Programs\Python\Python312\Lib\threading.py", line 1030, in _bootstrap
    self._bootstrap_inner()
  File "C:\Users\Steve Vogelaar\AppData\Local\Programs\Python\Python312\Lib\threading.py", line 1073, in _bootstrap_inner
    self.run()
  File "C:\Users\Steve Vogelaar\AppData\Local\Programs\Python\Python312\Lib\threading.py", line 1010, in run
    self._target(*self._args, **self._kwargs)
  File "C:\Users\Steve Vogelaar\Documents\_IT Oversight\Hackathon\miseBot\venv\Lib\site-packages\streamlit\runtime\scriptrunner\script_runner.py", line 418, in _run_script_thread
    self._run_script(request.rerun_data)
  File "C:\Users\Steve Vogelaar\Documents\_IT Oversight\Hackathon\miseBot\venv\Lib\site-packages\streamlit\runtime\scriptrunner\script_runner.py", line 832, in _run_script
    ) = exec_func_with_error_handling(code_to_exec, ctx)
  File "C:\Users\Steve Vogelaar\Documents\_IT Oversight\Hackathon\miseBot\venv\Lib\site-packages\streamlit\runtime\scriptrunner\exec_code.py", line 129, in exec_func_with_error_handling
    result = func()
  File "C:\Users\Steve Vogelaar\Documents\_IT Oversight\Hackathon\miseBot\venv\Lib\site-packages\streamlit\runtime\scriptrunner\script_runner.py", line 807, in code_to_exec
    exec(code, module.__dict__)  # noqa: S102
  File "C:\Users\Steve Vogelaar\Documents\_IT Oversight\Hackathon\miseBot\app.py", line 112, in <module>
    chat_input = st.text_input("", placeholder="Type a command...", key="chat_input", label_visibility="collapsed")
  File "C:\Users\Steve Vogelaar\Documents\_IT Oversight\Hackathon\miseBot\venv\Lib\site-packages\streamlit\runtime\metrics_util.py", line 568, in wrapped_func
    result = non_optional_func(*args, **kwargs)
  File "C:\Users\Steve Vogelaar\Documents\_IT Oversight\Hackathon\miseBot\venv\Lib\site-packages\streamlit\elements\widgets\text_widgets.py", line 341, in text_input
    return self._text_input(
  File "C:\Users\Steve Vogelaar\Documents\_IT Oversight\Hackathon\miseBot\venv\Lib\site-packages\streamlit\elements\widgets\text_widgets.py", line 392, in _text_input
    maybe_raise_label_warnings(label, label_visibility)
  File "C:\Users\Steve Vogelaar\Documents\_IT Oversight\Hackathon\miseBot\venv\Lib\site-packages\streamlit\elements\lib\policies.py", line 150, in maybe_raise_label_warnings
    _LOGGER.warning(
2026-07-22 23:19:55.678 `label` got an empty value. This is discouraged for accessibility reasons and may be disallowed in the future by raising an exception. Please provide a non-empty label and hide it with label_visibility if needed.
Stack (most recent call last):
  File "C:\Users\Steve Vogelaar\AppData\Local\Programs\Python\Python312\Lib\threading.py", line 1030, in _bootstrap
    self._bootstrap_inner()
  File "C:\Users\Steve Vogelaar\AppData\Local\Programs\Python\Python312\Lib\threading.py", line 1073, in _bootstrap_inner
    self.run()
  File "C:\Users\Steve Vogelaar\AppData\Local\Programs\Python\Python312\Lib\threading.py", line 1010, in run
    self._target(*self._args, **self._kwargs)
  File "C:\Users\Steve Vogelaar\Documents\_IT Oversight\Hackathon\miseBot\venv\Lib\site-packages\streamlit\runtime\scriptrunner\script_runner.py", line 418, in _run_script_thread
    self._run_script(request.rerun_data)
  File "C:\Users\Steve Vogelaar\Documents\_IT Oversight\Hackathon\miseBot\venv\Lib\site-packages\streamlit\runtime\scriptrunner\script_runner.py", line 832, in _run_script
    ) = exec_func_with_error_handling(code_to_exec, ctx)
  File "C:\Users\Steve Vogelaar\Documents\_IT Oversight\Hackathon\miseBot\venv\Lib\site-packages\streamlit\runtime\scriptrunner\exec_code.py", line 129, in exec_func_with_error_handling
    result = func()
  File "C:\Users\Steve Vogelaar\Documents\_IT Oversight\Hackathon\miseBot\venv\Lib\site-packages\streamlit\runtime\scriptrunner\script_runner.py", line 807, in code_to_exec
    exec(code, module.__dict__)  # noqa: S102
  File "C:\Users\Steve Vogelaar\Documents\_IT Oversight\Hackathon\miseBot\app.py", line 112, in <module>
    chat_input = st.text_input("", placeholder="Type a command...", key="chat_input", label_visibility="collapsed")
  File "C:\Users\Steve Vogelaar\Documents\_IT Oversight\Hackathon\miseBot\venv\Lib\site-packages\streamlit\runtime\metrics_util.py", line 568, in wrapped_func
    result = non_optional_func(*args, **kwargs)
  File "C:\Users\Steve Vogelaar\Documents\_IT Oversight\Hackathon\miseBot\venv\Lib\site-packages\streamlit\elements\widgets\text_widgets.py", line 341, in text_input
    return self._text_input(
  File "C:\Users\Steve Vogelaar\Documents\_IT Oversight\Hackathon\miseBot\venv\Lib\site-packages\streamlit\elements\widgets\text_widgets.py", line 392, in _text_input
    maybe_raise_label_warnings(label, label_visibility)
  File "C:\Users\Steve Vogelaar\Documents\_IT Oversight\Hackathon\miseBot\venv\Lib\site-packages\streamlit\elements\lib\policies.py", line 150, in maybe_raise_label_warnings
    _LOGGER.warning(
2026-07-22 23:19:55.709 `label` got an empty value. This is discouraged for accessibility reasons and may be disallowed in the future by raising an exception. Please provide a non-empty label and hide it with label_visibility if needed.
Stack (most recent call last):
  File "C:\Users\Steve Vogelaar\AppData\Local\Programs\Python\Python312\Lib\threading.py", line 1030, in _bootstrap
    self._bootstrap_inner()
  File "C:\Users\Steve Vogelaar\AppData\Local\Programs\Python\Python312\Lib\threading.py", line 1073, in _bootstrap_inner
    self.run()
  File "C:\Users\Steve Vogelaar\AppData\Local\Programs\Python\Python312\Lib\threading.py", line 1010, in run
    self._target(*self._args, **self._kwargs)
  File "C:\Users\Steve Vogelaar\Documents\_IT Oversight\Hackathon\miseBot\venv\Lib\site-packages\streamlit\runtime\scriptrunner\script_runner.py", line 418, in _run_script_thread
    self._run_script(request.rerun_data)
  File "C:\Users\Steve Vogelaar\Documents\_IT Oversight\Hackathon\miseBot\venv\Lib\site-packages\streamlit\runtime\scriptrunner\script_runner.py", line 832, in _run_script
    ) = exec_func_with_error_handling(code_to_exec, ctx)
  File "C:\Users\Steve Vogelaar\Documents\_IT Oversight\Hackathon\miseBot\venv\Lib\site-packages\streamlit\runtime\scriptrunner\exec_code.py", line 129, in exec_func_with_error_handling
    result = func()
  File "C:\Users\Steve Vogelaar\Documents\_IT Oversight\Hackathon\miseBot\venv\Lib\site-packages\streamlit\runtime\scriptrunner\script_runner.py", line 807, in code_to_exec
    exec(code, module.__dict__)  # noqa: S102
  File "C:\Users\Steve Vogelaar\Documents\_IT Oversight\Hackathon\miseBot\app.py", line 112, in <module>
    chat_input = st.text_input("", placeholder="Type a command...", key="chat_input", label_visibility="collapsed")
  File "C:\Users\Steve Vogelaar\Documents\_IT Oversight\Hackathon\miseBot\venv\Lib\site-packages\streamlit\runtime\metrics_util.py", line 568, in wrapped_func
    result = non_optional_func(*args, **kwargs)
  File "C:\Users\Steve Vogelaar\Documents\_IT Oversight\Hackathon\miseBot\venv\Lib\site-packages\streamlit\elements\widgets\text_widgets.py", line 341, in text_input
    return self._text_input(
  File "C:\Users\Steve Vogelaar\Documents\_IT Oversight\Hackathon\miseBot\venv\Lib\site-packages\streamlit\elements\widgets\text_widgets.py", line 392, in _text_input
    maybe_raise_label_warnings(label, label_visibility)
  File "C:\Users\Steve Vogelaar\Documents\_IT Oversight\Hackathon\miseBot\venv\Lib\site-packages\streamlit\elements\lib\policies.py", line 150, in maybe_raise_label_warnings
    _LOGGER.warning(
2026-07-22 23:20:00.078 `label` got an empty value. This is discouraged for accessibility reasons and may be disallowed in the future by raising an exception. Please provide a non-empty label and hide it with label_visibility if needed.
Stack (most recent call last):
  File "C:\Users\Steve Vogelaar\AppData\Local\Programs\Python\Python312\Lib\threading.py", line 1030, in _bootstrap
    self._bootstrap_inner()
  File "C:\Users\Steve Vogelaar\AppData\Local\Programs\Python\Python312\Lib\threading.py", line 1073, in _bootstrap_inner
    self.run()
  File "C:\Users\Steve Vogelaar\AppData\Local\Programs\Python\Python312\Lib\threading.py", line 1010, in run
    self._target(*self._args, **self._kwargs)
  File "C:\Users\Steve Vogelaar\Documents\_IT Oversight\Hackathon\miseBot\venv\Lib\site-packages\streamlit\runtime\scriptrunner\script_runner.py", line 418, in _run_script_thread
    self._run_script(request.rerun_data)
  File "C:\Users\Steve Vogelaar\Documents\_IT Oversight\Hackathon\miseBot\venv\Lib\site-packages\streamlit\runtime\scriptrunner\script_runner.py", line 832, in _run_script
    ) = exec_func_with_error_handling(code_to_exec, ctx)
  File "C:\Users\Steve Vogelaar\Documents\_IT Oversight\Hackathon\miseBot\venv\Lib\site-packages\streamlit\runtime\scriptrunner\exec_code.py", line 129, in exec_func_with_error_handling
    result = func()
  File "C:\Users\Steve Vogelaar\Documents\_IT Oversight\Hackathon\miseBot\venv\Lib\site-packages\streamlit\runtime\scriptrunner\script_runner.py", line 807, in code_to_exec
    exec(code, module.__dict__)  # noqa: S102
  File "C:\Users\Steve Vogelaar\Documents\_IT Oversight\Hackathon\miseBot\app.py", line 112, in <module>
    chat_input = st.text_input("", placeholder="Type a command...", key="chat_input", label_visibility="collapsed")
  File "C:\Users\Steve Vogelaar\Documents\_IT Oversight\Hackathon\miseBot\venv\Lib\site-packages\streamlit\runtime\metrics_util.py", line 568, in wrapped_func
    result = non_optional_func(*args, **kwargs)
  File "C:\Users\Steve Vogelaar\Documents\_IT Oversight\Hackathon\miseBot\venv\Lib\site-packages\streamlit\elements\widgets\text_widgets.py", line 341, in text_input
    return self._text_input(
  File "C:\Users\Steve Vogelaar\Documents\_IT Oversight\Hackathon\miseBot\venv\Lib\site-packages\streamlit\elements\widgets\text_widgets.py", line 392, in _text_input
    maybe_raise_label_warnings(label, label_visibility)
  File "C:\Users\Steve Vogelaar\Documents\_IT Oversight\Hackathon\miseBot\venv\Lib\site-packages\streamlit\elements\lib\policies.py", line 150, in maybe_raise_label_warnings
    _LOGGER.warning(
2026-07-22 23:20:00.217 `label` got an empty value. This is discouraged for accessibility reasons and may be disallowed in the future by raising an exception. Please provide a non-empty label and hide it with label_visibility if needed.
Stack (most recent call last):
  File "C:\Users\Steve Vogelaar\AppData\Local\Programs\Python\Python312\Lib\threading.py", line 1030, in _bootstrap
    self._bootstrap_inner()
  File "C:\Users\Steve Vogelaar\AppData\Local\Programs\Python\Python312\Lib\threading.py", line 1073, in _bootstrap_inner
    self.run()
  File "C:\Users\Steve Vogelaar\AppData\Local\Programs\Python\Python312\Lib\threading.py", line 1010, in run
    self._target(*self._args, **self._kwargs)
  File "C:\Users\Steve Vogelaar\Documents\_IT Oversight\Hackathon\miseBot\venv\Lib\site-packages\streamlit\runtime\scriptrunner\script_runner.py", line 418, in _run_script_thread
    self._run_script(request.rerun_data)
  File "C:\Users\Steve Vogelaar\Documents\_IT Oversight\Hackathon\miseBot\venv\Lib\site-packages\streamlit\runtime\scriptrunner\script_runner.py", line 832, in _run_script
    ) = exec_func_with_error_handling(code_to_exec, ctx)
  File "C:\Users\Steve Vogelaar\Documents\_IT Oversight\Hackathon\miseBot\venv\Lib\site-packages\streamlit\runtime\scriptrunner\exec_code.py", line 129, in exec_func_with_error_handling
    result = func()
  File "C:\Users\Steve Vogelaar\Documents\_IT Oversight\Hackathon\miseBot\venv\Lib\site-packages\streamlit\runtime\scriptrunner\script_runner.py", line 807, in code_to_exec
    exec(code, module.__dict__)  # noqa: S102
  File "C:\Users\Steve Vogelaar\Documents\_IT Oversight\Hackathon\miseBot\app.py", line 112, in <module>
    chat_input = st.text_input("", placeholder="Type a command...", key="chat_input", label_visibility="collapsed")
  File "C:\Users\Steve Vogelaar\Documents\_IT Oversight\Hackathon\miseBot\venv\Lib\site-packages\streamlit\runtime\metrics_util.py", line 568, in wrapped_func
    result = non_optional_func(*args, **kwargs)
  File "C:\Users\Steve Vogelaar\Documents\_IT Oversight\Hackathon\miseBot\venv\Lib\site-packages\streamlit\elements\widgets\text_widgets.py", line 341, in text_input
    return self._text_input(
  File "C:\Users\Steve Vogelaar\Documents\_IT Oversight\Hackathon\miseBot\venv\Lib\site-packages\streamlit\elements\widgets\text_widgets.py", line 392, in _text_input
    maybe_raise_label_warnings(label, label_visibility)
  File "C:\Users\Steve Vogelaar\Documents\_IT Oversight\Hackathon\miseBot\venv\Lib\site-packages\streamlit\elements\lib\policies.py", line 150, in maybe_raise_label_warnings
    _LOGGER.warning(
2026-07-22 23:20:01.452 `label` got an empty value. This is discouraged for accessibility reasons and may be disallowed in the future by raising an exception. Please provide a non-empty label and hide it with label_visibility if needed.
Stack (most recent call last):
  File "C:\Users\Steve Vogelaar\AppData\Local\Programs\Python\Python312\Lib\threading.py", line 1030, in _bootstrap
    self._bootstrap_inner()
  File "C:\Users\Steve Vogelaar\AppData\Local\Programs\Python\Python312\Lib\threading.py", line 1073, in _bootstrap_inner
    self.run()
  File "C:\Users\Steve Vogelaar\AppData\Local\Programs\Python\Python312\Lib\threading.py", line 1010, in run
    self._target(*self._args, **self._kwargs)
  File "C:\Users\Steve Vogelaar\Documents\_IT Oversight\Hackathon\miseBot\venv\Lib\site-packages\streamlit\runtime\scriptrunner\script_runner.py", line 418, in _run_script_thread
    self._run_script(request.rerun_data)
  File "C:\Users\Steve Vogelaar\Documents\_IT Oversight\Hackathon\miseBot\venv\Lib\site-packages\streamlit\runtime\scriptrunner\script_runner.py", line 832, in _run_script
    ) = exec_func_with_error_handling(code_to_exec, ctx)
  File "C:\Users\Steve Vogelaar\Documents\_IT Oversight\Hackathon\miseBot\venv\Lib\site-packages\streamlit\runtime\scriptrunner\exec_code.py", line 129, in exec_func_with_error_handling
    result = func()
  File "C:\Users\Steve Vogelaar\Documents\_IT Oversight\Hackathon\miseBot\venv\Lib\site-packages\streamlit\runtime\scriptrunner\script_runner.py", line 807, in code_to_exec
    exec(code, module.__dict__)  # noqa: S102
  File "C:\Users\Steve Vogelaar\Documents\_IT Oversight\Hackathon\miseBot\app.py", line 112, in <module>
    chat_input = st.text_input("", placeholder="Type a command...", key="chat_input", label_visibility="collapsed")
  File "C:\Users\Steve Vogelaar\Documents\_IT Oversight\Hackathon\miseBot\venv\Lib\site-packages\streamlit\runtime\metrics_util.py", line 568, in wrapped_func
    result = non_optional_func(*args, **kwargs)
  File "C:\Users\Steve Vogelaar\Documents\_IT Oversight\Hackathon\miseBot\venv\Lib\site-packages\streamlit\elements\widgets\text_widgets.py", line 341, in text_input
    return self._text_input(
  File "C:\Users\Steve Vogelaar\Documents\_IT Oversight\Hackathon\miseBot\venv\Lib\site-packages\streamlit\elements\widgets\text_widgets.py", line 392, in _text_input
    maybe_raise_label_warnings(label, label_visibility)
  File "C:\Users\Steve Vogelaar\Documents\_IT Oversight\Hackathon\miseBot\venv\Lib\site-packages\streamlit\elements\lib\policies.py", line 150, in maybe_raise_label_warnings
    _LOGGER.warning(
2026-07-22 23:20:01.560 `label` got an empty value. This is discouraged for accessibility reasons and may be disallowed in the future by raising an exception. Please provide a non-empty label and hide it with label_visibility if needed.
Stack (most recent call last):
  File "C:\Users\Steve Vogelaar\AppData\Local\Programs\Python\Python312\Lib\threading.py", line 1030, in _bootstrap
    self._bootstrap_inner()
  File "C:\Users\Steve Vogelaar\AppData\Local\Programs\Python\Python312\Lib\threading.py", line 1073, in _bootstrap_inner
    self.run()
  File "C:\Users\Steve Vogelaar\AppData\Local\Programs\Python\Python312\Lib\threading.py", line 1010, in run
    self._target(*self._args, **self._kwargs)
  File "C:\Users\Steve Vogelaar\Documents\_IT Oversight\Hackathon\miseBot\venv\Lib\site-packages\streamlit\runtime\scriptrunner\script_runner.py", line 418, in _run_script_thread
    self._run_script(request.rerun_data)
  File "C:\Users\Steve Vogelaar\Documents\_IT Oversight\Hackathon\miseBot\venv\Lib\site-packages\streamlit\runtime\scriptrunner\script_runner.py", line 832, in _run_script
    ) = exec_func_with_error_handling(code_to_exec, ctx)
  File "C:\Users\Steve Vogelaar\Documents\_IT Oversight\Hackathon\miseBot\venv\Lib\site-packages\streamlit\runtime\scriptrunner\exec_code.py", line 129, in exec_func_with_error_handling
    result = func()
  File "C:\Users\Steve Vogelaar\Documents\_IT Oversight\Hackathon\miseBot\venv\Lib\site-packages\streamlit\runtime\scriptrunner\script_runner.py", line 807, in code_to_exec
    exec(code, module.__dict__)  # noqa: S102
  File "C:\Users\Steve Vogelaar\Documents\_IT Oversight\Hackathon\miseBot\app.py", line 112, in <module>
    chat_input = st.text_input("", placeholder="Type a command...", key="chat_input", label_visibility="collapsed")
  File "C:\Users\Steve Vogelaar\Documents\_IT Oversight\Hackathon\miseBot\venv\Lib\site-packages\streamlit\runtime\metrics_util.py", line 568, in wrapped_func
    result = non_optional_func(*args, **kwargs)
  File "C:\Users\Steve Vogelaar\Documents\_IT Oversight\Hackathon\miseBot\venv\Lib\site-packages\streamlit\elements\widgets\text_widgets.py", line 341, in text_input
    return self._text_input(
  File "C:\Users\Steve Vogelaar\Documents\_IT Oversight\Hackathon\miseBot\venv\Lib\site-packages\streamlit\elements\widgets\text_widgets.py", line 392, in _text_input
    maybe_raise_label_warnings(label, label_visibility)
  File "C:\Users\Steve Vogelaar\Documents\_IT Oversight\Hackathon\miseBot\venv\Lib\site-packages\streamlit\elements\lib\policies.py", line 150, in maybe_raise_label_warnings
    _LOGGER.warning(
2026-07-22 23:20:02.436 `label` got an empty value. This is discouraged for accessibility reasons and may be disallowed in the future by raising an exception. Please provide a non-empty label and hide it with label_visibility if needed.
Stack (most recent call last):
  File "C:\Users\Steve Vogelaar\AppData\Local\Programs\Python\Python312\Lib\threading.py", line 1030, in _bootstrap
    self._bootstrap_inner()
  File "C:\Users\Steve Vogelaar\AppData\Local\Programs\Python\Python312\Lib\threading.py", line 1073, in _bootstrap_inner
    self.run()
  File "C:\Users\Steve Vogelaar\AppData\Local\Programs\Python\Python312\Lib\threading.py", line 1010, in run
    self._target(*self._args, **self._kwargs)
  File "C:\Users\Steve Vogelaar\Documents\_IT Oversight\Hackathon\miseBot\venv\Lib\site-packages\streamlit\runtime\scriptrunner\script_runner.py", line 418, in _run_script_thread
    self._run_script(request.rerun_data)
  File "C:\Users\Steve Vogelaar\Documents\_IT Oversight\Hackathon\miseBot\venv\Lib\site-packages\streamlit\runtime\scriptrunner\script_runner.py", line 832, in _run_script
    ) = exec_func_with_error_handling(code_to_exec, ctx)
  File "C:\Users\Steve Vogelaar\Documents\_IT Oversight\Hackathon\miseBot\venv\Lib\site-packages\streamlit\runtime\scriptrunner\exec_code.py", line 129, in exec_func_with_error_handling
    result = func()
  File "C:\Users\Steve Vogelaar\Documents\_IT Oversight\Hackathon\miseBot\venv\Lib\site-packages\streamlit\runtime\scriptrunner\script_runner.py", line 807, in code_to_exec
    exec(code, module.__dict__)  # noqa: S102
  File "C:\Users\Steve Vogelaar\Documents\_IT Oversight\Hackathon\miseBot\app.py", line 112, in <module>
    chat_input = st.text_input("", placeholder="Type a command...", key="chat_input", label_visibility="collapsed")
  File "C:\Users\Steve Vogelaar\Documents\_IT Oversight\Hackathon\miseBot\venv\Lib\site-packages\streamlit\runtime\metrics_util.py", line 568, in wrapped_func
    result = non_optional_func(*args, **kwargs)
  File "C:\Users\Steve Vogelaar\Documents\_IT Oversight\Hackathon\miseBot\venv\Lib\site-packages\streamlit\elements\widgets\text_widgets.py", line 341, in text_input
    return self._text_input(
  File "C:\Users\Steve Vogelaar\Documents\_IT Oversight\Hackathon\miseBot\venv\Lib\site-packages\streamlit\elements\widgets\text_widgets.py", line 392, in _text_input
    maybe_raise_label_warnings(label, label_visibility)
  File "C:\Users\Steve Vogelaar\Documents\_IT Oversight\Hackathon\miseBot\venv\Lib\site-packages\streamlit\elements\lib\policies.py", line 150, in maybe_raise_label_warnings
    _LOGGER.warning(
2026-07-22 23:20:02.546 `label` got an empty value. This is discouraged for accessibility reasons and may be disallowed in the future by raising an exception. Please provide a non-empty label and hide it with label_visibility if needed.
Stack (most recent call last):
  File "C:\Users\Steve Vogelaar\AppData\Local\Programs\Python\Python312\Lib\threading.py", line 1030, in _bootstrap
    self._bootstrap_inner()
  File "C:\Users\Steve Vogelaar\AppData\Local\Programs\Python\Python312\Lib\threading.py", line 1073, in _bootstrap_inner
    self.run()
  File "C:\Users\Steve Vogelaar\AppData\Local\Programs\Python\Python312\Lib\threading.py", line 1010, in run
    self._target(*self._args, **self._kwargs)
  File "C:\Users\Steve Vogelaar\Documents\_IT Oversight\Hackathon\miseBot\venv\Lib\site-packages\streamlit\runtime\scriptrunner\script_runner.py", line 418, in _run_script_thread
    self._run_script(request.rerun_data)
  File "C:\Users\Steve Vogelaar\Documents\_IT Oversight\Hackathon\miseBot\venv\Lib\site-packages\streamlit\runtime\scriptrunner\script_runner.py", line 832, in _run_script
    ) = exec_func_with_error_handling(code_to_exec, ctx)
  File "C:\Users\Steve Vogelaar\Documents\_IT Oversight\Hackathon\miseBot\venv\Lib\site-packages\streamlit\runtime\scriptrunner\exec_code.py", line 129, in exec_func_with_error_handling
    result = func()
  File "C:\Users\Steve Vogelaar\Documents\_IT Oversight\Hackathon\miseBot\venv\Lib\site-packages\streamlit\runtime\scriptrunner\script_runner.py", line 807, in code_to_exec
    exec(code, module.__dict__)  # noqa: S102
  File "C:\Users\Steve Vogelaar\Documents\_IT Oversight\Hackathon\miseBot\app.py", line 112, in <module>
    chat_input = st.text_input("", placeholder="Type a command...", key="chat_input", label_visibility="collapsed")
  File "C:\Users\Steve Vogelaar\Documents\_IT Oversight\Hackathon\miseBot\venv\Lib\site-packages\streamlit\runtime\metrics_util.py", line 568, in wrapped_func
    result = non_optional_func(*args, **kwargs)
  File "C:\Users\Steve Vogelaar\Documents\_IT Oversight\Hackathon\miseBot\venv\Lib\site-packages\streamlit\elements\widgets\text_widgets.py", line 341, in text_input
    return self._text_input(
  File "C:\Users\Steve Vogelaar\Documents\_IT Oversight\Hackathon\miseBot\venv\Lib\site-packages\streamlit\elements\widgets\text_widgets.py", line 392, in _text_input
    maybe_raise_label_warnings(label, label_visibility)
  File "C:\Users\Steve Vogelaar\Documents\_IT Oversight\Hackathon\miseBot\venv\Lib\site-packages\streamlit\elements\lib\policies.py", line 150, in maybe_raise_label_warnings
    _LOGGER.warning(
2026-07-22 23:20:05.414 `label` got an empty value. This is discouraged for accessibility reasons and may be disallowed in the future by raising an exception. Please provide a non-empty label and hide it with label_visibility if needed.
Stack (most recent call last):
  File "C:\Users\Steve Vogelaar\AppData\Local\Programs\Python\Python312\Lib\threading.py", line 1030, in _bootstrap
    self._bootstrap_inner()
  File "C:\Users\Steve Vogelaar\AppData\Local\Programs\Python\Python312\Lib\threading.py", line 1073, in _bootstrap_inner
    self.run()
  File "C:\Users\Steve Vogelaar\AppData\Local\Programs\Python\Python312\Lib\threading.py", line 1010, in run
    self._target(*self._args, **self._kwargs)
  File "C:\Users\Steve Vogelaar\Documents\_IT Oversight\Hackathon\miseBot\venv\Lib\site-packages\streamlit\runtime\scriptrunner\script_runner.py", line 418, in _run_script_thread
    self._run_script(request.rerun_data)
  File "C:\Users\Steve Vogelaar\Documents\_IT Oversight\Hackathon\miseBot\venv\Lib\site-packages\streamlit\runtime\scriptrunner\script_runner.py", line 832, in _run_script
    ) = exec_func_with_error_handling(code_to_exec, ctx)
  File "C:\Users\Steve Vogelaar\Documents\_IT Oversight\Hackathon\miseBot\venv\Lib\site-packages\streamlit\runtime\scriptrunner\exec_code.py", line 129, in exec_func_with_error_handling
    result = func()
  File "C:\Users\Steve Vogelaar\Documents\_IT Oversight\Hackathon\miseBot\venv\Lib\site-packages\streamlit\runtime\scriptrunner\script_runner.py", line 807, in code_to_exec
    exec(code, module.__dict__)  # noqa: S102
  File "C:\Users\Steve Vogelaar\Documents\_IT Oversight\Hackathon\miseBot\app.py", line 112, in <module>
    chat_input = st.text_input("", placeholder="Type a command...", key="chat_input", label_visibility="collapsed")
  File "C:\Users\Steve Vogelaar\Documents\_IT Oversight\Hackathon\miseBot\venv\Lib\site-packages\streamlit\runtime\metrics_util.py", line 568, in wrapped_func
    result = non_optional_func(*args, **kwargs)
  File "C:\Users\Steve Vogelaar\Documents\_IT Oversight\Hackathon\miseBot\venv\Lib\site-packages\streamlit\elements\widgets\text_widgets.py", line 341, in text_input
    return self._text_input(
  File "C:\Users\Steve Vogelaar\Documents\_IT Oversight\Hackathon\miseBot\venv\Lib\site-packages\streamlit\elements\widgets\text_widgets.py", line 392, in _text_input
    maybe_raise_label_warnings(label, label_visibility)
  File "C:\Users\Steve Vogelaar\Documents\_IT Oversight\Hackathon\miseBot\venv\Lib\site-packages\streamlit\elements\lib\policies.py", line 150, in maybe_raise_label_warnings
    _LOGGER.warning(
2026-07-22 23:20:10.042 `label` got an empty value. This is discouraged for accessibility reasons and may be disallowed in the future by raising an exception. Please provide a non-empty label and hide it with label_visibility if needed.
Stack (most recent call last):
  File "C:\Users\Steve Vogelaar\AppData\Local\Programs\Python\Python312\Lib\threading.py", line 1030, in _bootstrap
    self._bootstrap_inner()
  File "C:\Users\Steve Vogelaar\AppData\Local\Programs\Python\Python312\Lib\threading.py", line 1073, in _bootstrap_inner
    self.run()
  File "C:\Users\Steve Vogelaar\AppData\Local\Programs\Python\Python312\Lib\threading.py", line 1010, in run
    self._target(*self._args, **self._kwargs)
  File "C:\Users\Steve Vogelaar\Documents\_IT Oversight\Hackathon\miseBot\venv\Lib\site-packages\streamlit\runtime\scriptrunner\script_runner.py", line 418, in _run_script_thread
    self._run_script(request.rerun_data)
  File "C:\Users\Steve Vogelaar\Documents\_IT Oversight\Hackathon\miseBot\venv\Lib\site-packages\streamlit\runtime\scriptrunner\script_runner.py", line 832, in _run_script
    ) = exec_func_with_error_handling(code_to_exec, ctx)
  File "C:\Users\Steve Vogelaar\Documents\_IT Oversight\Hackathon\miseBot\venv\Lib\site-packages\streamlit\runtime\scriptrunner\exec_code.py", line 129, in exec_func_with_error_handling
    result = func()
  File "C:\Users\Steve Vogelaar\Documents\_IT Oversight\Hackathon\miseBot\venv\Lib\site-packages\streamlit\runtime\scriptrunner\script_runner.py", line 807, in code_to_exec
    exec(code, module.__dict__)  # noqa: S102
  File "C:\Users\Steve Vogelaar\Documents\_IT Oversight\Hackathon\miseBot\app.py", line 112, in <module>
    chat_input = st.text_input("", placeholder="Type a command...", key="chat_input", label_visibility="collapsed")
  File "C:\Users\Steve Vogelaar\Documents\_IT Oversight\Hackathon\miseBot\venv\Lib\site-packages\streamlit\runtime\metrics_util.py", line 568, in wrapped_func
    result = non_optional_func(*args, **kwargs)
  File "C:\Users\Steve Vogelaar\Documents\_IT Oversight\Hackathon\miseBot\venv\Lib\site-packages\streamlit\elements\widgets\text_widgets.py", line 341, in text_input
    return self._text_input(
  File "C:\Users\Steve Vogelaar\Documents\_IT Oversight\Hackathon\miseBot\venv\Lib\site-packages\streamlit\elements\widgets\text_widgets.py", line 392, in _text_input
    maybe_raise_label_warnings(label, label_visibility)
  File "C:\Users\Steve Vogelaar\Documents\_IT Oversight\Hackathon\miseBot\venv\Lib\site-packages\streamlit\elements\lib\policies.py", line 150, in maybe_raise_label_warnings
    _LOGGER.warning(
2026-07-22 23:22:18.088 Uvicorn server started on 0.0.0.0:8503

  You can now view your Streamlit app in your browser.

  Local URL: http://localhost:8503
  Network URL: http://192.168.68.111:8503
  External URL: http://23.239.61.64:8503

