[2026-07-23 08:03:21] [OK] elapsed=28.79s
  PROMPT: 
You are a kitchen assistant parser. Read the user's message and return ONLY a JSON object with keys: intent, list_type, items, quantity, unit, recipient, time_ref.

intents: add, remove, done, email,...
  RESPONSE: ...
------------------------------------------------------------
[2026-07-23 08:03:21] [FALLBACK] elapsed=0.00s
  PROMPT: I need to make whipped feta before dinner service tonight...
  RESPONSE: ...
------------------------------------------------------------
[2026-07-23 08:03:36] [OK] elapsed=14.77s
  PROMPT: 
You are a kitchen assistant parser. Read the user's message and return ONLY a JSON object with keys: intent, list_type, items, quantity, unit, recipient, time_ref.

intents: add, remove, done, email,...
  RESPONSE: ...
------------------------------------------------------------
[2026-07-23 08:03:36] [FALLBACK] elapsed=0.00s
  PROMPT: I need to make whipped feta before dinner service tonight...
  RESPONSE: ...
------------------------------------------------------------
[2026-07-23 08:03:50] [OK] elapsed=13.89s
  PROMPT: 
You are a kitchen assistant parser. Read the user's message and return ONLY a JSON object with keys: intent, list_type, items, quantity, unit, recipient, time_ref.

intents: add, remove, done, email,...
  RESPONSE: ...
------------------------------------------------------------
[2026-07-23 08:03:50] [FALLBACK] elapsed=0.00s
  PROMPT: I need to make whipped feta before dinner service tonight...
  RESPONSE: ...
------------------------------------------------------------
[2026-07-23 08:04:04] [OK] elapsed=13.86s
  PROMPT: 
You are a kitchen assistant parser. Read the user's message and return ONLY a JSON object with keys: intent, list_type, items, quantity, unit, recipient, time_ref.

intents: add, remove, done, email,...
  RESPONSE: ...
------------------------------------------------------------
[2026-07-23 08:04:04] [FALLBACK] elapsed=0.00s
  PROMPT: I need to make whipped feta before dinner service tonight...
  RESPONSE: ...
------------------------------------------------------------
[2026-07-23 08:04:18] [OK] elapsed=13.79s
  PROMPT: 
You are a kitchen assistant parser. Read the user's message and return ONLY a JSON object with keys: intent, list_type, items, quantity, unit, recipient, time_ref.

intents: add, remove, done, email,...
  RESPONSE: ...
------------------------------------------------------------
[2026-07-23 08:04:18] [FALLBACK] elapsed=0.00s
  PROMPT: I need to make whipped feta before dinner service tonight...
  RESPONSE: ...
------------------------------------------------------------
[2026-07-23 08:04:32] [OK] elapsed=13.80s
  PROMPT: 
You are a kitchen assistant parser. Read the user's message and return ONLY a JSON object with keys: intent, list_type, items, quantity, unit, recipient, time_ref.

intents: add, remove, done, email,...
  RESPONSE: ...
------------------------------------------------------------
[2026-07-23 08:04:32] [FALLBACK] elapsed=0.00s
  PROMPT: I need to make whipped feta before dinner service tonight...
  RESPONSE: ...
------------------------------------------------------------
[2026-07-23 08:04:46] [OK] elapsed=13.80s
  PROMPT: 
You are a kitchen assistant parser. Read the user's message and return ONLY a JSON object with keys: intent, list_type, items, quantity, unit, recipient, time_ref.

intents: add, remove, done, email,...
  RESPONSE: ...
------------------------------------------------------------
[2026-07-23 08:04:46] [FALLBACK] elapsed=0.00s
  PROMPT: I need to make whipped feta before dinner service tonight...
  RESPONSE: ...
------------------------------------------------------------
[2026-07-23 08:05:00] [OK] elapsed=13.65s
  PROMPT: 
You are a kitchen assistant parser. Read the user's message and return ONLY a JSON object with keys: intent, list_type, items, quantity, unit, recipient, time_ref.

intents: add, remove, done, email,...
  RESPONSE: ...
------------------------------------------------------------
[2026-07-23 08:05:00] [FALLBACK] elapsed=0.00s
  PROMPT: I need to make whipped feta before dinner service tonight...
  RESPONSE: ...
------------------------------------------------------------
[2026-07-23 08:05:14] [OK] elapsed=13.73s
  PROMPT: 
You are a kitchen assistant parser. Read the user's message and return ONLY a JSON object with keys: intent, list_type, items, quantity, unit, recipient, time_ref.

intents: add, remove, done, email,...
  RESPONSE: ...
------------------------------------------------------------
[2026-07-23 08:05:14] [FALLBACK] elapsed=0.00s
  PROMPT: I need to make whipped feta before dinner service tonight...
  RESPONSE: ...
------------------------------------------------------------
[2026-07-23 08:05:28] [OK] elapsed=14.04s
  PROMPT: 
You are a kitchen assistant parser. Read the user's message and return ONLY a JSON object with keys: intent, list_type, items, quantity, unit, recipient, time_ref.

intents: add, remove, done, email,...
  RESPONSE: ...
------------------------------------------------------------
[2026-07-23 08:05:28] [FALLBACK] elapsed=0.00s
  PROMPT: I need to make whipped feta before dinner service tonight...
  RESPONSE: ...
------------------------------------------------------------
[2026-07-23 08:05:42] [OK] elapsed=13.85s
  PROMPT: 
You are a kitchen assistant parser. Read the user's message and return ONLY a JSON object with keys: intent, list_type, items, quantity, unit, recipient, time_ref.

intents: add, remove, done, email,...
  RESPONSE: ...
------------------------------------------------------------
[2026-07-23 08:05:42] [FALLBACK] elapsed=0.00s
  PROMPT: I need to make whipped feta before dinner service tonight...
  RESPONSE: ...
------------------------------------------------------------
[2026-07-23 08:05:56] [OK] elapsed=14.03s
  PROMPT: 
You are a kitchen assistant parser. Read the user's message and return ONLY a JSON object with keys: intent, list_type, items, quantity, unit, recipient, time_ref.

intents: add, remove, done, email,...
  RESPONSE: ...
------------------------------------------------------------
[2026-07-23 08:05:56] [FALLBACK] elapsed=0.00s
  PROMPT: I need to make whipped feta before dinner service tonight...
  RESPONSE: ...
------------------------------------------------------------
[2026-07-23 08:06:11] [OK] elapsed=14.73s
  PROMPT: 
You are a kitchen assistant parser. Read the user's message and return ONLY a JSON object with keys: intent, list_type, items, quantity, unit, recipient, time_ref.

intents: add, remove, done, email,...
  RESPONSE: ...
------------------------------------------------------------
[2026-07-23 08:06:11] [FALLBACK] elapsed=0.00s
  PROMPT: I need to make whipped feta before dinner service tonight...
  RESPONSE: ...
------------------------------------------------------------
[2026-07-23 08:06:25] [OK] elapsed=14.61s
  PROMPT: 
You are a kitchen assistant parser. Read the user's message and return ONLY a JSON object with keys: intent, list_type, items, quantity, unit, recipient, time_ref.

intents: add, remove, done, email,...
  RESPONSE: ...
------------------------------------------------------------
[2026-07-23 08:06:25] [FALLBACK] elapsed=0.00s
  PROMPT: I need to make whipped feta before dinner service tonight...
  RESPONSE: ...
------------------------------------------------------------
[2026-07-23 08:12:50] [OK] elapsed=24.62s
  PROMPT: 
You are a kitchen assistant parser. Read the user's message and return ONLY a JSON object with keys: intent, list_type, items, quantity, unit, recipient, time_ref.

intents: add, remove, done, email,...
  RESPONSE: ...
------------------------------------------------------------
[2026-07-23 08:12:50] [FALLBACK] elapsed=0.00s
  PROMPT: I need to make whipped feta before dinner service tonight...
  RESPONSE: ...
------------------------------------------------------------
[2026-07-23 08:19:40] [OK] elapsed=24.74s
  PROMPT: 
You are a kitchen assistant parser. Read the user's message and return ONLY a JSON object with keys: intent, list_type, items, quantity, unit, recipient, time_ref.

intents: add, remove, done, email,...
  RESPONSE: ...
------------------------------------------------------------
[2026-07-23 08:19:40] [FALLBACK] elapsed=0.00s
  PROMPT: We need to buy more tomatoes...
  RESPONSE: ...
------------------------------------------------------------
[2026-07-23 08:21:48] [OK] elapsed=14.29s
  PROMPT: 
You are a kitchen assistant parser. Read the user's message and return ONLY a JSON object with keys: intent, list_type, items, quantity, unit, recipient, time_ref.

intents: add, remove, done, email,...
  RESPONSE: ...
------------------------------------------------------------
[2026-07-23 08:21:48] [FALLBACK] elapsed=0.00s
  PROMPT: I need to make whipped feta before dinner service tonight...
  RESPONSE: ...
------------------------------------------------------------
[2026-07-23 08:23:16] [OK] elapsed=14.12s
  PROMPT: 
You are a kitchen assistant parser. Read the user's message and return ONLY a JSON object with keys: intent, list_type, items, quantity, unit, recipient, time_ref.

intents: add, remove, done, email,...
  RESPONSE: ...
------------------------------------------------------------
[2026-07-23 08:23:16] [FALLBACK] elapsed=0.00s
  PROMPT: Add tomatoes, onions and cream to shopping...
  RESPONSE: ...
------------------------------------------------------------
[2026-07-23 08:26:15] [OK] elapsed=14.70s
  PROMPT: 
You are a kitchen assistant parser. Read the user's message and return ONLY a JSON object with keys: intent, list_type, items, quantity, unit, recipient, time_ref.

intents: add, remove, done, email,...
  RESPONSE: ...
------------------------------------------------------------
[2026-07-23 08:26:15] [FALLBACK] elapsed=0.00s
  PROMPT: I need to make whipped feta before dinner service tonight...
  RESPONSE: ...
------------------------------------------------------------
[2026-07-23 08:26:29] [OK] elapsed=14.41s
  PROMPT: 
You are a kitchen assistant parser. Read the user's message and return ONLY a JSON object with keys: intent, list_type, items, quantity, unit, recipient, time_ref.

intents: add, remove, done, email,...
  RESPONSE: ...
------------------------------------------------------------
[2026-07-23 08:26:29] [FALLBACK] elapsed=0.00s
  PROMPT: Add tomatoes, onions and cream to shopping...
  RESPONSE: ...
------------------------------------------------------------
[2026-07-23 08:26:43] [OK] elapsed=14.37s
  PROMPT: 
You are a kitchen assistant parser. Read the user's message and return ONLY a JSON object with keys: intent, list_type, items, quantity, unit, recipient, time_ref.

intents: add, remove, done, email,...
  RESPONSE: ...
------------------------------------------------------------
[2026-07-23 08:26:43] [FALLBACK] elapsed=0.00s
  PROMPT: Add whipped feta and burger meat to prep...
  RESPONSE: ...
------------------------------------------------------------
[2026-07-23 08:27:32] [OK] elapsed=13.67s
  PROMPT: 
You are a kitchen assistant parser. Read the user's message and return ONLY a JSON object with keys: intent, list_type, items, quantity, unit, recipient, time_ref.

intents: add, remove, done, email,...
  RESPONSE: ...
------------------------------------------------------------
[2026-07-23 08:27:32] [FALLBACK] elapsed=0.00s
  PROMPT: I need to make whipped feta before dinner service tonight...
  RESPONSE: ...
------------------------------------------------------------
[2026-07-23 08:33:23] [OK] elapsed=25.87s
  PROMPT: 
You are a kitchen assistant parser. Read the user's message and return ONLY a JSON object with keys: intent, list_type, items, quantity, unit, recipient, time_ref.

intents: add, remove, done, email,...
  RESPONSE: ...
------------------------------------------------------------
[2026-07-23 08:33:23] [FALLBACK] elapsed=0.00s
  PROMPT: I need to make whipped feta before dinner service tonight...
  RESPONSE: ...
------------------------------------------------------------
[2026-07-23 08:34:06] [OK] elapsed=13.59s
  PROMPT: 
You are a kitchen assistant parser. Read the user's message and return ONLY a JSON object with keys: intent, list_type, items, quantity, unit, recipient, time_ref.

intents: add, remove, done, email,...
  RESPONSE: ...
------------------------------------------------------------
[2026-07-23 08:34:06] [FALLBACK] elapsed=0.00s
  PROMPT: I need to make whipped feta before dinner service tonight...
  RESPONSE: ...
------------------------------------------------------------
[2026-07-23 08:37:17] [OK] elapsed=14.79s
  PROMPT: 
You are a kitchen assistant parser. Read the user's message and return ONLY a JSON object with keys: intent, list_type, items, quantity, unit, recipient, time_ref.

intents: add, remove, done, email,...
  RESPONSE: ...
------------------------------------------------------------
[2026-07-23 08:37:17] [FALLBACK] elapsed=0.00s
  PROMPT: Add whipped feta before dinner...
  RESPONSE: ...
------------------------------------------------------------
[2026-07-23 08:38:40] [OK] elapsed=14.75s
  PROMPT: 
You are a kitchen assistant parser. Read the user's message and return ONLY a JSON object with keys: intent, list_type, items, quantity, unit, recipient, time_ref.

intents: add, remove, done, email,...
  RESPONSE: ...
------------------------------------------------------------
[2026-07-23 08:38:40] [FALLBACK] elapsed=0.00s
  PROMPT: I need to make whipped feta before dinner service tonight...
  RESPONSE: ...
------------------------------------------------------------
[2026-07-23 08:54:30] [OK] elapsed=25.51s
  PROMPT: 
You are a kitchen assistant parser. Read the user's message and return ONLY a JSON object with keys: intent, list_type, items, quantity, unit, recipient, time_ref.

intents: add, remove, done, email,...
  RESPONSE: ...
------------------------------------------------------------
[2026-07-23 08:54:30] [FALLBACK] elapsed=0.00s
  PROMPT: I need to make whipped feta before dinner service tonight...
  RESPONSE: ...
------------------------------------------------------------
[2026-07-23 08:55:10] [OK] elapsed=14.15s
  PROMPT: 
You are a kitchen assistant parser. Read the user's message and return ONLY a JSON object with keys: intent, list_type, items, quantity, unit, recipient, time_ref.

intents: add, remove, done, email,...
  RESPONSE: ...
------------------------------------------------------------
[2026-07-23 08:55:10] [FALLBACK] elapsed=0.00s
  PROMPT: I need to make whipped feta before dinner service tonight...
  RESPONSE: ...
------------------------------------------------------------
[2026-07-23 08:55:37] [OK] elapsed=13.80s
  PROMPT: 
You are a kitchen assistant parser. Read the user's message and return ONLY a JSON object with keys: intent, list_type, items, quantity, unit, recipient, time_ref.

intents: add, remove, done, email,...
  RESPONSE: ...
------------------------------------------------------------
[2026-07-23 08:55:37] [FALLBACK] elapsed=0.00s
  PROMPT: Add tomatoes, onions and cream to shopping...
  RESPONSE: ...
------------------------------------------------------------
